<?xml version="1.0" encoding="UTF-8"?>
<testng-results ignored="0" total="1" passed="1" failed="0" skipped="0">
  <reporter-output>
  </reporter-output>
  <suite started-at="2026-03-24T10:39:20 IST" name="Surefire suite" finished-at="2026-03-24T10:39:26 IST" duration-ms="6200">
    <groups>
    </groups>
    <test started-at="2026-03-24T10:39:20 IST" name="Surefire test" finished-at="2026-03-24T10:39:26 IST" duration-ms="6200">
      <class name="com.selenium.test.FeedbackFormTest">
        <test-method is-config="true" signature="setUp()[pri:0, instance:com.selenium.test.FeedbackFormTest@6fe7aac8]" started-at="2026-03-24T10:39:20 IST" name="setUp" finished-at="2026-03-24T10:39:25 IST" duration-ms="5153" status="PASS">
          <reporter-output>
          </reporter-output>
        </test-method> <!-- setUp -->
        <test-method signature="testFeedbackFormSubmission()[pri:0, instance:com.selenium.test.FeedbackFormTest@6fe7aac8]" started-at="2026-03-24T10:39:25 IST" name="testFeedbackFormSubmission" finished-at="2026-03-24T10:39:26 IST" duration-ms="856" status="PASS">
          <reporter-output>
          </reporter-output>
        </test-method> <!-- testFeedbackFormSubmission -->
        <test-method is-config="true" signature="tearDown()[pri:0, instance:com.selenium.test.FeedbackFormTest@6fe7aac8]" started-at="2026-03-24T10:39:26 IST" name="tearDown" finished-at="2026-03-24T10:39:26 IST" duration-ms="159" status="PASS">
          <reporter-output>
          </reporter-output>
        </test-method> <!-- tearDown -->
      </class> <!-- com.selenium.test.FeedbackFormTest -->
    </test> <!-- Surefire test -->
  </suite> <!-- Surefire suite -->
</testng-results>
